<?xml version="1.0" encoding="UTF-8"?>
<Site BuildName="(empty)"
	BuildStamp="20251115-1132-Experimental"
	Name="priyam-Nitro-AN515-44"
	Generator="ctest-3.22.1"
	CompilerName="/usr/bin/c++"
	CompilerVersion="9.4.0"
	OSName="Linux"
	Hostname="priyam-Nitro-AN515-44"
	OSRelease="5.15.0-139-generic"
	OSVersion="#149~20.04.1-Ubuntu SMP Wed Apr 16 08:29:56 UTC 2025"
	OSPlatform="x86_64"
	Is64Bits="1"
	VendorString="AuthenticAMD"
	VendorID="Advanced Micro Devices"
	FamilyID="23"
	ModelID="96"
	ProcessorCacheSize="512"
	NumberOfLogicalCPU="12"
	NumberOfPhysicalCPU="6"
	TotalVirtualMemory="9396"
	TotalPhysicalMemory="15351"
	LogicalProcessorsPerPhysical="2"
	ProcessorClockFrequency="2559.87"
	>
	<Testing>
		<StartDateTime>Nov 15 13:37 CET</StartDateTime>
		<StartTestTime>1763210276</StartTestTime>
		<TestList/>
		<EndDateTime>Nov 15 13:37 CET</EndDateTime>
		<EndTestTime>1763210276</EndTestTime>
		<ElapsedMinutes>0</ElapsedMinutes>
	</Testing>
</Site>
